# JRE version: OpenJDK Runtime Environment Temurin-17.0.2+8 (17.0.2+8) (build 17.0.2+8)
# Java VM: OpenJDK 64-Bit Server VM Temurin-17.0.2+8 (17.0.2+8, mixed mode, emulated-client, tiered, compressed oops, compressed class ptrs, g1 gc, windows-amd64)
GC Precious Log:
 CPUs: 8 total, 8 available
 Memory: 16316M
 Large Page Support: Disabled
 NUMA Support: Disabled
 Compressed Oops: Enabled (Zero based)
 Heap Region Size: 2M
 Heap Min Capacity: 8M
 Heap Initial Capacity: 256M
 Heap Max Capacity: 4080M
 Pre-touch: Disabled
 Parallel Workers: 8
 Concurrent Workers: 2
 Concurrent Refinement Workers: 8
 Periodic GC: Disabled
Heap:
 garbage-first heap   total 69632K, used 31040K [0x0000000701000000, 0x0000000800000000)
  region size 2048K, 7 young (14336K), 1 survivors (2048K)
 Metaspace       used 39327K, committed 39680K, reserved 1089536K
  class space    used 4971K, committed 5120K, reserved 1048576K
GC Heap History (20 events):
Event: 1612.481 GC heap before
{Heap before GC invocations=154 (full 135):
 garbage-first heap   total 69632K, used 19687K [0x0000000701000000, 0x0000000800000000)
  region size 2048K, 1 young (2048K), 0 survivors (0K)
 Metaspace       used 39317K, committed 39680K, reserved 1089536K
  class space    used 4969K, committed 5120K, reserved 1048576K
}
Event: 1612.508 GC heap after
{Heap after GC invocations=155 (full 136):
 garbage-first heap   total 69632K, used 19687K [0x0000000701000000, 0x0000000800000000)
  region size 2048K, 0 young (0K), 0 survivors (0K)
 Metaspace       used 39317K, committed 39680K, reserved 1089536K
  class space    used 4969K, committed 5120K, reserved 1048576K
}
Event: 1622.648 GC heap before
{Heap before GC invocations=155 (full 136):
 garbage-first heap   total 69632K, used 19687K [0x0000000701000000, 0x0000000800000000)
  region size 2048K, 1 young (2048K), 0 survivors (0K)
 Metaspace       used 39317K, committed 39680K, reserved 1089536K
  class space    used 4969K, committed 5120K, reserved 1048576K
}
Event: 1622.674 GC heap after
{Heap after GC invocations=156 (full 137):
 garbage-first heap   total 69632K, used 19687K [0x0000000701000000, 0x0000000800000000)
  region size 2048K, 0 young (0K), 0 survivors (0K)
 Metaspace       used 39317K, committed 39680K, reserved 1089536K
  class space    used 4969K, committed 5120K, reserved 1048576K
}
Event: 1632.932 GC heap before
{Heap before GC invocations=156 (full 137):
 garbage-first heap   total 69632K, used 19687K [0x0000000701000000, 0x0000000800000000)
  region size 2048K, 1 young (2048K), 0 survivors (0K)
 Metaspace       used 39317K, committed 39680K, reserved 1089536K
  class space    used 4969K, committed 5120K, reserved 1048576K
}
Event: 1632.978 GC heap after
{Heap after GC invocations=157 (full 138):
 garbage-first heap   total 69632K, used 19687K [0x0000000701000000, 0x0000000800000000)
  region size 2048K, 0 young (0K), 0 survivors (0K)
 Metaspace       used 39317K, committed 39680K, reserved 1089536K
  class space    used 4969K, committed 5120K, reserved 1048576K
}
Event: 1643.205 GC heap before
{Heap before GC invocations=157 (full 138):
 garbage-first heap   total 69632K, used 19687K [0x0000000701000000, 0x0000000800000000)
  region size 2048K, 1 young (2048K), 0 survivors (0K)
 Metaspace       used 39317K, committed 39680K, reserved 1089536K
  class space    used 4969K, committed 5120K, reserved 1048576K
}
Event: 1643.243 GC heap after
{Heap after GC invocations=158 (full 139):
 garbage-first heap   total 69632K, used 19687K [0x0000000701000000, 0x0000000800000000)
  region size 2048K, 0 young (0K), 0 survivors (0K)
 Metaspace       used 39317K, committed 39680K, reserved 1089536K
  class space    used 4969K, committed 5120K, reserved 1048576K
}
Event: 1653.416 GC heap before
{Heap before GC invocations=158 (full 139):
 garbage-first heap   total 69632K, used 19687K [0x0000000701000000, 0x0000000800000000)
  region size 2048K, 1 young (2048K), 0 survivors (0K)
 Metaspace       used 39317K, committed 39680K, reserved 1089536K
  class space    used 4969K, committed 5120K, reserved 1048576K
}
Event: 1653.445 GC heap after
{Heap after GC invocations=159 (full 140):
 garbage-first heap   total 69632K, used 19687K [0x0000000701000000, 0x0000000800000000)
  region size 2048K, 0 young (0K), 0 survivors (0K)
 Metaspace       used 39317K, committed 39680K, reserved 1089536K
  class space    used 4969K, committed 5120K, reserved 1048576K
}
Event: 1693.669 GC heap before
{Heap before GC invocations=159 (full 140):
 garbage-first heap   total 69632K, used 21735K [0x0000000701000000, 0x0000000800000000)
  region size 2048K, 2 young (4096K), 0 survivors (0K)
 Metaspace       used 39317K, committed 39680K, reserved 1089536K
  class space    used 4969K, committed 5120K, reserved 1048576K
}
Event: 1693.697 GC heap after
{Heap after GC invocations=160 (full 141):
 garbage-first heap   total 69632K, used 19694K [0x0000000701000000, 0x0000000800000000)
  region size 2048K, 0 young (0K), 0 survivors (0K)
 Metaspace       used 39317K, committed 39680K, reserved 1089536K
  class space    used 4969K, committed 5120K, reserved 1048576K
}
Event: 1703.888 GC heap before
{Heap before GC invocations=160 (full 141):
 garbage-first heap   total 69632K, used 19694K [0x0000000701000000, 0x0000000800000000)
  region size 2048K, 1 young (2048K), 0 survivors (0K)
 Metaspace       used 39317K, committed 39680K, reserved 1089536K
  class space    used 4969K, committed 5120K, reserved 1048576K
}
Event: 1703.914 GC heap after
{Heap after GC invocations=161 (full 142):
 garbage-first heap   total 69632K, used 19694K [0x0000000701000000, 0x0000000800000000)
  region size 2048K, 0 young (0K), 0 survivors (0K)
 Metaspace       used 39317K, committed 39680K, reserved 1089536K
  class space    used 4969K, committed 5120K, reserved 1048576K
}
Event: 1714.075 GC heap before
{Heap before GC invocations=161 (full 142):
 garbage-first heap   total 69632K, used 19694K [0x0000000701000000, 0x0000000800000000)
  region size 2048K, 1 young (2048K), 0 survivors (0K)
 Metaspace       used 39317K, committed 39680K, reserved 1089536K
  class space    used 4969K, committed 5120K, reserved 1048576K
}
Event: 1714.101 GC heap after
{Heap after GC invocations=162 (full 143):
 garbage-first heap   total 69632K, used 19688K [0x0000000701000000, 0x0000000800000000)
  region size 2048K, 0 young (0K), 0 survivors (0K)
 Metaspace       used 39317K, committed 39680K, reserved 1089536K
  class space    used 4969K, committed 5120K, reserved 1048576K
}
Event: 1724.286 GC heap before
{Heap before GC invocations=162 (full 143):
 garbage-first heap   total 69632K, used 19688K [0x0000000701000000, 0x0000000800000000)
  region size 2048K, 1 young (2048K), 0 survivors (0K)
 Metaspace       used 39317K, committed 39680K, reserved 1089536K
  class space    used 4969K, committed 5120K, reserved 1048576K
}
Event: 1724.334 GC heap after
{Heap after GC invocations=163 (full 144):
 garbage-first heap   total 69632K, used 19687K [0x0000000701000000, 0x0000000800000000)
  region size 2048K, 0 young (0K), 0 survivors (0K)
 Metaspace       used 39317K, committed 39680K, reserved 1089536K
  class space    used 4969K, committed 5120K, reserved 1048576K
}
Event: 1742.386 GC heap before
{Heap before GC invocations=163 (full 144):
 garbage-first heap   total 69632K, used 54503K [0x0000000701000000, 0x0000000800000000)
  region size 2048K, 17 young (34816K), 0 survivors (0K)
 Metaspace       used 39327K, committed 39680K, reserved 1089536K
  class space    used 4971K, committed 5120K, reserved 1048576K
}
Event: 1742.387 GC heap after
{Heap after GC invocations=164 (full 144):
 garbage-first heap   total 69632K, used 20800K [0x0000000701000000, 0x0000000800000000)
  region size 2048K, 1 young (2048K), 1 survivors (2048K)
 Metaspace       used 39327K, committed 39680K, reserved 1089536K
  class space    used 4971K, committed 5120K, reserved 1048576K
}

