# JRE version: OpenJDK Runtime Environment Temurin-17.0.2+8 (17.0.2+8) (build 17.0.2+8)
# Java VM: OpenJDK 64-Bit Server VM Temurin-17.0.2+8 (17.0.2+8, mixed mode, emulated-client, tiered, compressed oops, compressed class ptrs, g1 gc, windows-amd64)
GC Precious Log:
 CPUs: 8 total, 8 available
 Memory: 16316M
 Large Page Support: Disabled
 NUMA Support: Disabled
 Compressed Oops: Enabled (Zero based)
 Heap Region Size: 2M
 Heap Min Capacity: 8M
 Heap Initial Capacity: 256M
 Heap Max Capacity: 4080M
 Pre-touch: Disabled
 Parallel Workers: 8
 Concurrent Workers: 2
 Concurrent Refinement Workers: 8
 Periodic GC: Disabled
Heap:
 garbage-first heap   total 69632K, used 19460K [0x0000000701000000, 0x0000000800000000)
  region size 2048K, 1 young (2048K), 0 survivors (0K)
 Metaspace       used 39068K, committed 39424K, reserved 1089536K
  class space    used 4944K, committed 5120K, reserved 1048576K
GC Heap History (20 events):
Event: 68839.696 GC heap before
{Heap before GC invocations=1152 (full 1138):
 garbage-first heap   total 69632K, used 19460K [0x0000000701000000, 0x0000000800000000)
  region size 2048K, 1 young (2048K), 0 survivors (0K)
 Metaspace       used 39068K, committed 39424K, reserved 1089536K
  class space    used 4944K, committed 5120K, reserved 1048576K
}
Event: 68839.726 GC heap after
{Heap after GC invocations=1153 (full 1139):
 garbage-first heap   total 69632K, used 19460K [0x0000000701000000, 0x0000000800000000)
  region size 2048K, 0 young (0K), 0 survivors (0K)
 Metaspace       used 39068K, committed 39424K, reserved 1089536K
  class space    used 4944K, committed 5120K, reserved 1048576K
}
Event: 68849.912 GC heap before
{Heap before GC invocations=1153 (full 1139):
 garbage-first heap   total 69632K, used 19460K [0x0000000701000000, 0x0000000800000000)
  region size 2048K, 1 young (2048K), 0 survivors (0K)
 Metaspace       used 39068K, committed 39424K, reserved 1089536K
  class space    used 4944K, committed 5120K, reserved 1048576K
}
Event: 68849.937 GC heap after
{Heap after GC invocations=1154 (full 1140):
 garbage-first heap   total 69632K, used 19460K [0x0000000701000000, 0x0000000800000000)
  region size 2048K, 0 young (0K), 0 survivors (0K)
 Metaspace       used 39068K, committed 39424K, reserved 1089536K
  class space    used 4944K, committed 5120K, reserved 1048576K
}
Event: 68860.085 GC heap before
{Heap before GC invocations=1154 (full 1140):
 garbage-first heap   total 69632K, used 19460K [0x0000000701000000, 0x0000000800000000)
  region size 2048K, 1 young (2048K), 0 survivors (0K)
 Metaspace       used 39068K, committed 39424K, reserved 1089536K
  class space    used 4944K, committed 5120K, reserved 1048576K
}
Event: 68860.116 GC heap after
{Heap after GC invocations=1155 (full 1141):
 garbage-first heap   total 69632K, used 19460K [0x0000000701000000, 0x0000000800000000)
  region size 2048K, 0 young (0K), 0 survivors (0K)
 Metaspace       used 39068K, committed 39424K, reserved 1089536K
  class space    used 4944K, committed 5120K, reserved 1048576K
}
Event: 68870.340 GC heap before
{Heap before GC invocations=1155 (full 1141):
 garbage-first heap   total 69632K, used 19460K [0x0000000701000000, 0x0000000800000000)
  region size 2048K, 1 young (2048K), 0 survivors (0K)
 Metaspace       used 39068K, committed 39424K, reserved 1089536K
  class space    used 4944K, committed 5120K, reserved 1048576K
}
Event: 68870.366 GC heap after
{Heap after GC invocations=1156 (full 1142):
 garbage-first heap   total 69632K, used 19460K [0x0000000701000000, 0x0000000800000000)
  region size 2048K, 0 young (0K), 0 survivors (0K)
 Metaspace       used 39068K, committed 39424K, reserved 1089536K
  class space    used 4944K, committed 5120K, reserved 1048576K
}
Event: 68880.558 GC heap before
{Heap before GC invocations=1156 (full 1142):
 garbage-first heap   total 69632K, used 19460K [0x0000000701000000, 0x0000000800000000)
  region size 2048K, 1 young (2048K), 0 survivors (0K)
 Metaspace       used 39068K, committed 39424K, reserved 1089536K
  class space    used 4944K, committed 5120K, reserved 1048576K
}
Event: 68880.582 GC heap after
{Heap after GC invocations=1157 (full 1143):
 garbage-first heap   total 69632K, used 19460K [0x0000000701000000, 0x0000000800000000)
  region size 2048K, 0 young (0K), 0 survivors (0K)
 Metaspace       used 39068K, committed 39424K, reserved 1089536K
  class space    used 4944K, committed 5120K, reserved 1048576K
}
Event: 68890.726 GC heap before
{Heap before GC invocations=1157 (full 1143):
 garbage-first heap   total 69632K, used 19460K [0x0000000701000000, 0x0000000800000000)
  region size 2048K, 1 young (2048K), 0 survivors (0K)
 Metaspace       used 39068K, committed 39424K, reserved 1089536K
  class space    used 4944K, committed 5120K, reserved 1048576K
}
Event: 68890.757 GC heap after
{Heap after GC invocations=1158 (full 1144):
 garbage-first heap   total 69632K, used 19460K [0x0000000701000000, 0x0000000800000000)
  region size 2048K, 0 young (0K), 0 survivors (0K)
 Metaspace       used 39068K, committed 39424K, reserved 1089536K
  class space    used 4944K, committed 5120K, reserved 1048576K
}
Event: 68900.949 GC heap before
{Heap before GC invocations=1158 (full 1144):
 garbage-first heap   total 69632K, used 19460K [0x0000000701000000, 0x0000000800000000)
  region size 2048K, 1 young (2048K), 0 survivors (0K)
 Metaspace       used 39068K, committed 39424K, reserved 1089536K
  class space    used 4944K, committed 5120K, reserved 1048576K
}
Event: 68900.974 GC heap after
{Heap after GC invocations=1159 (full 1145):
 garbage-first heap   total 69632K, used 19460K [0x0000000701000000, 0x0000000800000000)
  region size 2048K, 0 young (0K), 0 survivors (0K)
 Metaspace       used 39068K, committed 39424K, reserved 1089536K
  class space    used 4944K, committed 5120K, reserved 1048576K
}
Event: 68911.132 GC heap before
{Heap before GC invocations=1159 (full 1145):
 garbage-first heap   total 69632K, used 19460K [0x0000000701000000, 0x0000000800000000)
  region size 2048K, 1 young (2048K), 0 survivors (0K)
 Metaspace       used 39068K, committed 39424K, reserved 1089536K
  class space    used 4944K, committed 5120K, reserved 1048576K
}
Event: 68911.166 GC heap after
{Heap after GC invocations=1160 (full 1146):
 garbage-first heap   total 69632K, used 19460K [0x0000000701000000, 0x0000000800000000)
  region size 2048K, 0 young (0K), 0 survivors (0K)
 Metaspace       used 39068K, committed 39424K, reserved 1089536K
  class space    used 4944K, committed 5120K, reserved 1048576K
}
Event: 68921.311 GC heap before
{Heap before GC invocations=1160 (full 1146):
 garbage-first heap   total 69632K, used 19460K [0x0000000701000000, 0x0000000800000000)
  region size 2048K, 1 young (2048K), 0 survivors (0K)
 Metaspace       used 39068K, committed 39424K, reserved 1089536K
  class space    used 4944K, committed 5120K, reserved 1048576K
}
Event: 68921.336 GC heap after
{Heap after GC invocations=1161 (full 1147):
 garbage-first heap   total 69632K, used 19460K [0x0000000701000000, 0x0000000800000000)
  region size 2048K, 0 young (0K), 0 survivors (0K)
 Metaspace       used 39068K, committed 39424K, reserved 1089536K
  class space    used 4944K, committed 5120K, reserved 1048576K
}
Event: 68931.484 GC heap before
{Heap before GC invocations=1161 (full 1147):
 garbage-first heap   total 69632K, used 19460K [0x0000000701000000, 0x0000000800000000)
  region size 2048K, 1 young (2048K), 0 survivors (0K)
 Metaspace       used 39068K, committed 39424K, reserved 1089536K
  class space    used 4944K, committed 5120K, reserved 1048576K
}
Event: 68931.511 GC heap after
{Heap after GC invocations=1162 (full 1148):
 garbage-first heap   total 69632K, used 19460K [0x0000000701000000, 0x0000000800000000)
  region size 2048K, 0 young (0K), 0 survivors (0K)
 Metaspace       used 39068K, committed 39424K, reserved 1089536K
  class space    used 4944K, committed 5120K, reserved 1048576K
}

