# JRE version: OpenJDK Runtime Environment Temurin-17.0.2+8 (17.0.2+8) (build 17.0.2+8)
# Java VM: OpenJDK 64-Bit Server VM Temurin-17.0.2+8 (17.0.2+8, mixed mode, emulated-client, tiered, compressed oops, compressed class ptrs, g1 gc, windows-amd64)
GC Precious Log:
 CPUs: 8 total, 8 available
 Memory: 16316M
 Large Page Support: Disabled
 NUMA Support: Disabled
 Compressed Oops: Enabled (Zero based)
 Heap Region Size: 2M
 Heap Min Capacity: 8M
 Heap Initial Capacity: 256M
 Heap Max Capacity: 4080M
 Pre-touch: Disabled
 Parallel Workers: 8
 Concurrent Workers: 2
 Concurrent Refinement Workers: 8
 Periodic GC: Disabled
Heap:
 garbage-first heap   total 69632K, used 20183K [0x0000000701000000, 0x0000000800000000)
  region size 2048K, 1 young (2048K), 0 survivors (0K)
 Metaspace       used 38962K, committed 39360K, reserved 1089536K
  class space    used 4922K, committed 5120K, reserved 1048576K
GC Heap History (20 events):
Event: 1034.484 GC heap before
{Heap before GC invocations=103 (full 91):
 garbage-first heap   total 69632K, used 20183K [0x0000000701000000, 0x0000000800000000)
  region size 2048K, 1 young (2048K), 0 survivors (0K)
 Metaspace       used 38962K, committed 39360K, reserved 1089536K
  class space    used 4922K, committed 5120K, reserved 1048576K
}
Event: 1034.512 GC heap after
{Heap after GC invocations=104 (full 92):
 garbage-first heap   total 69632K, used 20183K [0x0000000701000000, 0x0000000800000000)
  region size 2048K, 0 young (0K), 0 survivors (0K)
 Metaspace       used 38962K, committed 39360K, reserved 1089536K
  class space    used 4922K, committed 5120K, reserved 1048576K
}
Event: 1044.651 GC heap before
{Heap before GC invocations=104 (full 92):
 garbage-first heap   total 69632K, used 20183K [0x0000000701000000, 0x0000000800000000)
  region size 2048K, 1 young (2048K), 0 survivors (0K)
 Metaspace       used 38962K, committed 39360K, reserved 1089536K
  class space    used 4922K, committed 5120K, reserved 1048576K
}
Event: 1044.677 GC heap after
{Heap after GC invocations=105 (full 93):
 garbage-first heap   total 69632K, used 20183K [0x0000000701000000, 0x0000000800000000)
  region size 2048K, 0 young (0K), 0 survivors (0K)
 Metaspace       used 38962K, committed 39360K, reserved 1089536K
  class space    used 4922K, committed 5120K, reserved 1048576K
}
Event: 1054.854 GC heap before
{Heap before GC invocations=105 (full 93):
 garbage-first heap   total 69632K, used 20183K [0x0000000701000000, 0x0000000800000000)
  region size 2048K, 1 young (2048K), 0 survivors (0K)
 Metaspace       used 38962K, committed 39360K, reserved 1089536K
  class space    used 4922K, committed 5120K, reserved 1048576K
}
Event: 1054.891 GC heap after
{Heap after GC invocations=106 (full 94):
 garbage-first heap   total 69632K, used 20183K [0x0000000701000000, 0x0000000800000000)
  region size 2048K, 0 young (0K), 0 survivors (0K)
 Metaspace       used 38962K, committed 39360K, reserved 1089536K
  class space    used 4922K, committed 5120K, reserved 1048576K
}
Event: 1065.102 GC heap before
{Heap before GC invocations=106 (full 94):
 garbage-first heap   total 69632K, used 20183K [0x0000000701000000, 0x0000000800000000)
  region size 2048K, 1 young (2048K), 0 survivors (0K)
 Metaspace       used 38962K, committed 39360K, reserved 1089536K
  class space    used 4922K, committed 5120K, reserved 1048576K
}
Event: 1065.128 GC heap after
{Heap after GC invocations=107 (full 95):
 garbage-first heap   total 69632K, used 20183K [0x0000000701000000, 0x0000000800000000)
  region size 2048K, 0 young (0K), 0 survivors (0K)
 Metaspace       used 38962K, committed 39360K, reserved 1089536K
  class space    used 4922K, committed 5120K, reserved 1048576K
}
Event: 1075.308 GC heap before
{Heap before GC invocations=107 (full 95):
 garbage-first heap   total 69632K, used 20183K [0x0000000701000000, 0x0000000800000000)
  region size 2048K, 1 young (2048K), 0 survivors (0K)
 Metaspace       used 38962K, committed 39360K, reserved 1089536K
  class space    used 4922K, committed 5120K, reserved 1048576K
}
Event: 1075.338 GC heap after
{Heap after GC invocations=108 (full 96):
 garbage-first heap   total 69632K, used 20183K [0x0000000701000000, 0x0000000800000000)
  region size 2048K, 0 young (0K), 0 survivors (0K)
 Metaspace       used 38962K, committed 39360K, reserved 1089536K
  class space    used 4922K, committed 5120K, reserved 1048576K
}
Event: 1085.493 GC heap before
{Heap before GC invocations=108 (full 96):
 garbage-first heap   total 69632K, used 20183K [0x0000000701000000, 0x0000000800000000)
  region size 2048K, 1 young (2048K), 0 survivors (0K)
 Metaspace       used 38962K, committed 39360K, reserved 1089536K
  class space    used 4922K, committed 5120K, reserved 1048576K
}
Event: 1085.518 GC heap after
{Heap after GC invocations=109 (full 97):
 garbage-first heap   total 69632K, used 20183K [0x0000000701000000, 0x0000000800000000)
  region size 2048K, 0 young (0K), 0 survivors (0K)
 Metaspace       used 38962K, committed 39360K, reserved 1089536K
  class space    used 4922K, committed 5120K, reserved 1048576K
}
Event: 1095.664 GC heap before
{Heap before GC invocations=109 (full 97):
 garbage-first heap   total 69632K, used 20183K [0x0000000701000000, 0x0000000800000000)
  region size 2048K, 1 young (2048K), 0 survivors (0K)
 Metaspace       used 38962K, committed 39360K, reserved 1089536K
  class space    used 4922K, committed 5120K, reserved 1048576K
}
Event: 1095.691 GC heap after
{Heap after GC invocations=110 (full 98):
 garbage-first heap   total 69632K, used 20183K [0x0000000701000000, 0x0000000800000000)
  region size 2048K, 0 young (0K), 0 survivors (0K)
 Metaspace       used 38962K, committed 39360K, reserved 1089536K
  class space    used 4922K, committed 5120K, reserved 1048576K
}
Event: 1105.828 GC heap before
{Heap before GC invocations=110 (full 98):
 garbage-first heap   total 69632K, used 20183K [0x0000000701000000, 0x0000000800000000)
  region size 2048K, 1 young (2048K), 0 survivors (0K)
 Metaspace       used 38962K, committed 39360K, reserved 1089536K
  class space    used 4922K, committed 5120K, reserved 1048576K
}
Event: 1105.852 GC heap after
{Heap after GC invocations=111 (full 99):
 garbage-first heap   total 69632K, used 20183K [0x0000000701000000, 0x0000000800000000)
  region size 2048K, 0 young (0K), 0 survivors (0K)
 Metaspace       used 38962K, committed 39360K, reserved 1089536K
  class space    used 4922K, committed 5120K, reserved 1048576K
}
Event: 1116.114 GC heap before
{Heap before GC invocations=111 (full 99):
 garbage-first heap   total 69632K, used 20183K [0x0000000701000000, 0x0000000800000000)
  region size 2048K, 1 young (2048K), 0 survivors (0K)
 Metaspace       used 38962K, committed 39360K, reserved 1089536K
  class space    used 4922K, committed 5120K, reserved 1048576K
}
Event: 1116.138 GC heap after
{Heap after GC invocations=112 (full 100):
 garbage-first heap   total 69632K, used 20183K [0x0000000701000000, 0x0000000800000000)
  region size 2048K, 0 young (0K), 0 survivors (0K)
 Metaspace       used 38962K, committed 39360K, reserved 1089536K
  class space    used 4922K, committed 5120K, reserved 1048576K
}
Event: 1126.332 GC heap before
{Heap before GC invocations=112 (full 100):
 garbage-first heap   total 69632K, used 20183K [0x0000000701000000, 0x0000000800000000)
  region size 2048K, 1 young (2048K), 0 survivors (0K)
 Metaspace       used 38962K, committed 39360K, reserved 1089536K
  class space    used 4922K, committed 5120K, reserved 1048576K
}
Event: 1126.356 GC heap after
{Heap after GC invocations=113 (full 101):
 garbage-first heap   total 69632K, used 20183K [0x0000000701000000, 0x0000000800000000)
  region size 2048K, 0 young (0K), 0 survivors (0K)
 Metaspace       used 38962K, committed 39360K, reserved 1089536K
  class space    used 4922K, committed 5120K, reserved 1048576K
}

