# JRE version: OpenJDK Runtime Environment Temurin-17.0.2+8 (17.0.2+8) (build 17.0.2+8)
# Java VM: OpenJDK 64-Bit Server VM Temurin-17.0.2+8 (17.0.2+8, mixed mode, emulated-client, tiered, compressed oops, compressed class ptrs, g1 gc, windows-amd64)
GC Precious Log:
 CPUs: 8 total, 8 available
 Memory: 16316M
 Large Page Support: Disabled
 NUMA Support: Disabled
 Compressed Oops: Enabled (Zero based)
 Heap Region Size: 2M
 Heap Min Capacity: 8M
 Heap Initial Capacity: 256M
 Heap Max Capacity: 4080M
 Pre-touch: Disabled
 Parallel Workers: 8
 Concurrent Workers: 2
 Concurrent Refinement Workers: 8
 Periodic GC: Disabled
Heap:
 garbage-first heap   total 75776K, used 22478K [0x0000000701000000, 0x0000000800000000)
  region size 2048K, 1 young (2048K), 0 survivors (0K)
 Metaspace       used 41112K, committed 41536K, reserved 1089536K
  class space    used 5254K, committed 5440K, reserved 1048576K
GC Heap History (20 events):
Event: 70228.121 GC heap before
{Heap before GC invocations=1125 (full 953):
 garbage-first heap   total 75776K, used 22478K [0x0000000701000000, 0x0000000800000000)
  region size 2048K, 1 young (2048K), 0 survivors (0K)
 Metaspace       used 41112K, committed 41536K, reserved 1089536K
  class space    used 5254K, committed 5440K, reserved 1048576K
}
Event: 70228.173 GC heap after
{Heap after GC invocations=1126 (full 954):
 garbage-first heap   total 75776K, used 22478K [0x0000000701000000, 0x0000000800000000)
  region size 2048K, 0 young (0K), 0 survivors (0K)
 Metaspace       used 41112K, committed 41536K, reserved 1089536K
  class space    used 5254K, committed 5440K, reserved 1048576K
}
Event: 70238.367 GC heap before
{Heap before GC invocations=1126 (full 954):
 garbage-first heap   total 75776K, used 22478K [0x0000000701000000, 0x0000000800000000)
  region size 2048K, 1 young (2048K), 0 survivors (0K)
 Metaspace       used 41112K, committed 41536K, reserved 1089536K
  class space    used 5254K, committed 5440K, reserved 1048576K
}
Event: 70238.402 GC heap after
{Heap after GC invocations=1127 (full 955):
 garbage-first heap   total 75776K, used 22478K [0x0000000701000000, 0x0000000800000000)
  region size 2048K, 0 young (0K), 0 survivors (0K)
 Metaspace       used 41112K, committed 41536K, reserved 1089536K
  class space    used 5254K, committed 5440K, reserved 1048576K
}
Event: 70248.629 GC heap before
{Heap before GC invocations=1127 (full 955):
 garbage-first heap   total 75776K, used 22478K [0x0000000701000000, 0x0000000800000000)
  region size 2048K, 1 young (2048K), 0 survivors (0K)
 Metaspace       used 41112K, committed 41536K, reserved 1089536K
  class space    used 5254K, committed 5440K, reserved 1048576K
}
Event: 70248.665 GC heap after
{Heap after GC invocations=1128 (full 956):
 garbage-first heap   total 75776K, used 22478K [0x0000000701000000, 0x0000000800000000)
  region size 2048K, 0 young (0K), 0 survivors (0K)
 Metaspace       used 41112K, committed 41536K, reserved 1089536K
  class space    used 5254K, committed 5440K, reserved 1048576K
}
Event: 70258.861 GC heap before
{Heap before GC invocations=1128 (full 956):
 garbage-first heap   total 75776K, used 22478K [0x0000000701000000, 0x0000000800000000)
  region size 2048K, 1 young (2048K), 0 survivors (0K)
 Metaspace       used 41112K, committed 41536K, reserved 1089536K
  class space    used 5254K, committed 5440K, reserved 1048576K
}
Event: 70258.898 GC heap after
{Heap after GC invocations=1129 (full 957):
 garbage-first heap   total 75776K, used 22478K [0x0000000701000000, 0x0000000800000000)
  region size 2048K, 0 young (0K), 0 survivors (0K)
 Metaspace       used 41112K, committed 41536K, reserved 1089536K
  class space    used 5254K, committed 5440K, reserved 1048576K
}
Event: 70269.117 GC heap before
{Heap before GC invocations=1129 (full 957):
 garbage-first heap   total 75776K, used 22478K [0x0000000701000000, 0x0000000800000000)
  region size 2048K, 1 young (2048K), 0 survivors (0K)
 Metaspace       used 41112K, committed 41536K, reserved 1089536K
  class space    used 5254K, committed 5440K, reserved 1048576K
}
Event: 70269.153 GC heap after
{Heap after GC invocations=1130 (full 958):
 garbage-first heap   total 75776K, used 22478K [0x0000000701000000, 0x0000000800000000)
  region size 2048K, 0 young (0K), 0 survivors (0K)
 Metaspace       used 41112K, committed 41536K, reserved 1089536K
  class space    used 5254K, committed 5440K, reserved 1048576K
}
Event: 70279.353 GC heap before
{Heap before GC invocations=1130 (full 958):
 garbage-first heap   total 75776K, used 22478K [0x0000000701000000, 0x0000000800000000)
  region size 2048K, 1 young (2048K), 0 survivors (0K)
 Metaspace       used 41112K, committed 41536K, reserved 1089536K
  class space    used 5254K, committed 5440K, reserved 1048576K
}
Event: 70279.390 GC heap after
{Heap after GC invocations=1131 (full 959):
 garbage-first heap   total 75776K, used 22478K [0x0000000701000000, 0x0000000800000000)
  region size 2048K, 0 young (0K), 0 survivors (0K)
 Metaspace       used 41112K, committed 41536K, reserved 1089536K
  class space    used 5254K, committed 5440K, reserved 1048576K
}
Event: 70289.571 GC heap before
{Heap before GC invocations=1131 (full 959):
 garbage-first heap   total 75776K, used 22478K [0x0000000701000000, 0x0000000800000000)
  region size 2048K, 1 young (2048K), 0 survivors (0K)
 Metaspace       used 41112K, committed 41536K, reserved 1089536K
  class space    used 5254K, committed 5440K, reserved 1048576K
}
Event: 70289.615 GC heap after
{Heap after GC invocations=1132 (full 960):
 garbage-first heap   total 75776K, used 22478K [0x0000000701000000, 0x0000000800000000)
  region size 2048K, 0 young (0K), 0 survivors (0K)
 Metaspace       used 41112K, committed 41536K, reserved 1089536K
  class space    used 5254K, committed 5440K, reserved 1048576K
}
Event: 70299.764 GC heap before
{Heap before GC invocations=1132 (full 960):
 garbage-first heap   total 75776K, used 22478K [0x0000000701000000, 0x0000000800000000)
  region size 2048K, 1 young (2048K), 0 survivors (0K)
 Metaspace       used 41112K, committed 41536K, reserved 1089536K
  class space    used 5254K, committed 5440K, reserved 1048576K
}
Event: 70299.800 GC heap after
{Heap after GC invocations=1133 (full 961):
 garbage-first heap   total 75776K, used 22478K [0x0000000701000000, 0x0000000800000000)
  region size 2048K, 0 young (0K), 0 survivors (0K)
 Metaspace       used 41112K, committed 41536K, reserved 1089536K
  class space    used 5254K, committed 5440K, reserved 1048576K
}
Event: 70310.005 GC heap before
{Heap before GC invocations=1133 (full 961):
 garbage-first heap   total 75776K, used 22478K [0x0000000701000000, 0x0000000800000000)
  region size 2048K, 1 young (2048K), 0 survivors (0K)
 Metaspace       used 41112K, committed 41536K, reserved 1089536K
  class space    used 5254K, committed 5440K, reserved 1048576K
}
Event: 70310.043 GC heap after
{Heap after GC invocations=1134 (full 962):
 garbage-first heap   total 75776K, used 22478K [0x0000000701000000, 0x0000000800000000)
  region size 2048K, 0 young (0K), 0 survivors (0K)
 Metaspace       used 41112K, committed 41536K, reserved 1089536K
  class space    used 5254K, committed 5440K, reserved 1048576K
}
Event: 70320.230 GC heap before
{Heap before GC invocations=1134 (full 962):
 garbage-first heap   total 75776K, used 22478K [0x0000000701000000, 0x0000000800000000)
  region size 2048K, 1 young (2048K), 0 survivors (0K)
 Metaspace       used 41112K, committed 41536K, reserved 1089536K
  class space    used 5254K, committed 5440K, reserved 1048576K
}
Event: 70320.282 GC heap after
{Heap after GC invocations=1135 (full 963):
 garbage-first heap   total 75776K, used 22478K [0x0000000701000000, 0x0000000800000000)
  region size 2048K, 0 young (0K), 0 survivors (0K)
 Metaspace       used 41112K, committed 41536K, reserved 1089536K
  class space    used 5254K, committed 5440K, reserved 1048576K
}

