# JRE version: OpenJDK Runtime Environment Temurin-17.0.2+8 (17.0.2+8) (build 17.0.2+8)
# Java VM: OpenJDK 64-Bit Server VM Temurin-17.0.2+8 (17.0.2+8, mixed mode, emulated-client, tiered, compressed oops, compressed class ptrs, g1 gc, windows-amd64)
GC Precious Log:
 CPUs: 8 total, 8 available
 Memory: 16316M
 Large Page Support: Disabled
 NUMA Support: Disabled
 Compressed Oops: Enabled (Zero based)
 Heap Region Size: 2M
 Heap Min Capacity: 8M
 Heap Initial Capacity: 256M
 Heap Max Capacity: 4080M
 Pre-touch: Disabled
 Parallel Workers: 8
 Concurrent Workers: 2
 Concurrent Refinement Workers: 8
 Periodic GC: Disabled
Heap:
 garbage-first heap   total 69632K, used 21313K [0x0000000701000000, 0x0000000800000000)
  region size 2048K, 1 young (2048K), 0 survivors (0K)
 Metaspace       used 39493K, committed 39872K, reserved 1089536K
  class space    used 5003K, committed 5184K, reserved 1048576K
GC Heap History (20 events):
Event: 1572.133 GC heap before
{Heap before GC invocations=136 (full 93):
 garbage-first heap   total 69632K, used 54038K [0x0000000701000000, 0x0000000800000000)
  region size 2048K, 16 young (32768K), 1 survivors (2048K)
 Metaspace       used 39491K, committed 39872K, reserved 1089536K
  class space    used 5002K, committed 5184K, reserved 1048576K
}
Event: 1572.135 GC heap after
{Heap after GC invocations=137 (full 93):
 garbage-first heap   total 69632K, used 24138K [0x0000000701000000, 0x0000000800000000)
  region size 2048K, 2 young (4096K), 2 survivors (4096K)
 Metaspace       used 39491K, committed 39872K, reserved 1089536K
  class space    used 5002K, committed 5184K, reserved 1048576K
}
Event: 1573.196 GC heap before
{Heap before GC invocations=137 (full 93):
 garbage-first heap   total 69632K, used 50762K [0x0000000701000000, 0x0000000800000000)
  region size 2048K, 15 young (30720K), 2 survivors (4096K)
 Metaspace       used 39491K, committed 39872K, reserved 1089536K
  class space    used 5003K, committed 5184K, reserved 1048576K
}
Event: 1573.198 GC heap after
{Heap after GC invocations=138 (full 93):
 garbage-first heap   total 69632K, used 24067K [0x0000000701000000, 0x0000000800000000)
  region size 2048K, 1 young (2048K), 1 survivors (2048K)
 Metaspace       used 39491K, committed 39872K, reserved 1089536K
  class space    used 5003K, committed 5184K, reserved 1048576K
}
Event: 1581.332 GC heap before
{Heap before GC invocations=138 (full 93):
 garbage-first heap   total 69632K, used 52739K [0x0000000701000000, 0x0000000800000000)
  region size 2048K, 15 young (30720K), 1 survivors (2048K)
 Metaspace       used 39492K, committed 39872K, reserved 1089536K
  class space    used 5003K, committed 5184K, reserved 1048576K
}
Event: 1581.334 GC heap after
{Heap after GC invocations=139 (full 93):
 garbage-first heap   total 69632K, used 23663K [0x0000000701000000, 0x0000000800000000)
  region size 2048K, 1 young (2048K), 1 survivors (2048K)
 Metaspace       used 39492K, committed 39872K, reserved 1089536K
  class space    used 5003K, committed 5184K, reserved 1048576K
}
Event: 1623.288 GC heap before
{Heap before GC invocations=139 (full 93):
 garbage-first heap   total 69632K, used 48239K [0x0000000701000000, 0x0000000800000000)
  region size 2048K, 14 young (28672K), 1 survivors (2048K)
 Metaspace       used 39492K, committed 39872K, reserved 1089536K
  class space    used 5003K, committed 5184K, reserved 1048576K
}
Event: 1623.323 GC heap after
{Heap after GC invocations=140 (full 94):
 garbage-first heap   total 69632K, used 21455K [0x0000000701000000, 0x0000000800000000)
  region size 2048K, 0 young (0K), 0 survivors (0K)
 Metaspace       used 39492K, committed 39872K, reserved 1089536K
  class space    used 5003K, committed 5184K, reserved 1048576K
}
Event: 1633.588 GC heap before
{Heap before GC invocations=140 (full 94):
 garbage-first heap   total 69632K, used 21455K [0x0000000701000000, 0x0000000800000000)
  region size 2048K, 1 young (2048K), 0 survivors (0K)
 Metaspace       used 39492K, committed 39872K, reserved 1089536K
  class space    used 5003K, committed 5184K, reserved 1048576K
}
Event: 1633.641 GC heap after
{Heap after GC invocations=141 (full 95):
 garbage-first heap   total 69632K, used 21313K [0x0000000701000000, 0x0000000800000000)
  region size 2048K, 0 young (0K), 0 survivors (0K)
 Metaspace       used 39472K, committed 39872K, reserved 1089536K
  class space    used 4999K, committed 5184K, reserved 1048576K
}
Event: 1643.802 GC heap before
{Heap before GC invocations=141 (full 95):
 garbage-first heap   total 69632K, used 21313K [0x0000000701000000, 0x0000000800000000)
  region size 2048K, 1 young (2048K), 0 survivors (0K)
 Metaspace       used 39472K, committed 39872K, reserved 1089536K
  class space    used 4999K, committed 5184K, reserved 1048576K
}
Event: 1643.833 GC heap after
{Heap after GC invocations=142 (full 96):
 garbage-first heap   total 69632K, used 21313K [0x0000000701000000, 0x0000000800000000)
  region size 2048K, 0 young (0K), 0 survivors (0K)
 Metaspace       used 39472K, committed 39872K, reserved 1089536K
  class space    used 4999K, committed 5184K, reserved 1048576K
}
Event: 1653.979 GC heap before
{Heap before GC invocations=142 (full 96):
 garbage-first heap   total 69632K, used 21313K [0x0000000701000000, 0x0000000800000000)
  region size 2048K, 1 young (2048K), 0 survivors (0K)
 Metaspace       used 39472K, committed 39872K, reserved 1089536K
  class space    used 4999K, committed 5184K, reserved 1048576K
}
Event: 1654.014 GC heap after
{Heap after GC invocations=143 (full 97):
 garbage-first heap   total 69632K, used 21313K [0x0000000701000000, 0x0000000800000000)
  region size 2048K, 0 young (0K), 0 survivors (0K)
 Metaspace       used 39472K, committed 39872K, reserved 1089536K
  class space    used 4999K, committed 5184K, reserved 1048576K
}
Event: 1664.148 GC heap before
{Heap before GC invocations=143 (full 97):
 garbage-first heap   total 69632K, used 21313K [0x0000000701000000, 0x0000000800000000)
  region size 2048K, 1 young (2048K), 0 survivors (0K)
 Metaspace       used 39472K, committed 39872K, reserved 1089536K
  class space    used 4999K, committed 5184K, reserved 1048576K
}
Event: 1664.179 GC heap after
{Heap after GC invocations=144 (full 98):
 garbage-first heap   total 69632K, used 21313K [0x0000000701000000, 0x0000000800000000)
  region size 2048K, 0 young (0K), 0 survivors (0K)
 Metaspace       used 39472K, committed 39872K, reserved 1089536K
  class space    used 4999K, committed 5184K, reserved 1048576K
}
Event: 1674.364 GC heap before
{Heap before GC invocations=144 (full 98):
 garbage-first heap   total 69632K, used 21313K [0x0000000701000000, 0x0000000800000000)
  region size 2048K, 1 young (2048K), 0 survivors (0K)
 Metaspace       used 39472K, committed 39872K, reserved 1089536K
  class space    used 4999K, committed 5184K, reserved 1048576K
}
Event: 1674.398 GC heap after
{Heap after GC invocations=145 (full 99):
 garbage-first heap   total 69632K, used 21313K [0x0000000701000000, 0x0000000800000000)
  region size 2048K, 0 young (0K), 0 survivors (0K)
 Metaspace       used 39472K, committed 39872K, reserved 1089536K
  class space    used 4999K, committed 5184K, reserved 1048576K
}
Event: 1684.570 GC heap before
{Heap before GC invocations=145 (full 99):
 garbage-first heap   total 69632K, used 21313K [0x0000000701000000, 0x0000000800000000)
  region size 2048K, 1 young (2048K), 0 survivors (0K)
 Metaspace       used 39472K, committed 39872K, reserved 1089536K
  class space    used 4999K, committed 5184K, reserved 1048576K
}
Event: 1684.611 GC heap after
{Heap after GC invocations=146 (full 100):
 garbage-first heap   total 69632K, used 21313K [0x0000000701000000, 0x0000000800000000)
  region size 2048K, 0 young (0K), 0 survivors (0K)
 Metaspace       used 39472K, committed 39872K, reserved 1089536K
  class space    used 4999K, committed 5184K, reserved 1048576K
}

